{"asctime": "2025-06-24 16:23:01,299", "name": "app.utils.logging_config", "levelname": "INFO", "funcName": "setup_logging", "message": "Logging configured with level: INFO"}
{"asctime": "2025-06-24 16:23:01,300", "name": "api_server", "levelname": "INFO", "funcName": "<module>", "message": "Telegram bot initialized successfully"}
{"asctime": "2025-06-24 16:23:02,113", "name": "app.utils.logging_config", "levelname": "INFO", "funcName": "setup_logging", "message": "Logging configured with level: INFO"}
{"asctime": "2025-06-24 16:25:00,047", "name": "app.utils.logging_config", "levelname": "INFO", "funcName": "setup_logging", "message": "Logging configured with level: INFO"}
{"asctime": "2025-06-24 16:25:00,048", "name": "api_server", "levelname": "INFO", "funcName": "<module>", "message": "Telegram bot initialized successfully"}
{"asctime": "2025-06-24 17:04:02,789", "name": "app.utils.logging_config", "levelname": "INFO", "funcName": "setup_logging", "message": "Logging configured with level: INFO"}
{"asctime": "2025-06-24 17:04:03,277", "name": "webhook_utils", "levelname": "ERROR", "funcName": "get_webhook_info", "message": "Failed to get webhook info: 404 Client Error: Not Found for url: https://api.telegram.org/botyour_telegram_bot_token_here/getWebhookInfo"}
{"asctime": "2025-06-24 17:04:12,799", "name": "app.utils.logging_config", "levelname": "INFO", "funcName": "setup_logging", "message": "Logging configured with level: INFO"}
{"asctime": "2025-06-24 17:04:12,800", "name": "__main__", "levelname": "INFO", "funcName": "initialize", "message": "Initializing Telegram Bot application in webhook mode..."}
{"asctime": "2025-06-24 17:04:12,901", "name": "app.database.connection", "levelname": "INFO", "funcName": "init_database", "message": "Database tables created successfully"}
{"asctime": "2025-06-24 17:04:12,901", "name": "__main__", "levelname": "INFO", "funcName": "initialize", "message": "Database initialized successfully"}
{"asctime": "2025-06-24 17:04:12,902", "name": "__main__", "levelname": "INFO", "funcName": "initialize", "message": "Telegram bot initialized successfully"}
{"asctime": "2025-06-24 17:04:13,390", "name": "__main__", "levelname": "ERROR", "funcName": "_setup_webhook", "message": "Failed to setup webhook: A request to the Telegram API was unsuccessful. Error code: 404. Description: Not Found"}
{"asctime": "2025-06-24 17:04:19,918", "name": "app.utils.logging_config", "levelname": "INFO", "funcName": "setup_logging", "message": "Logging configured with level: INFO"}
{"asctime": "2025-06-24 17:04:19,918", "name": "__main__", "levelname": "INFO", "funcName": "initialize", "message": "Initializing Telegram Bot application in polling mode..."}
{"asctime": "2025-06-24 17:04:20,025", "name": "app.database.connection", "levelname": "INFO", "funcName": "init_database", "message": "Database tables created successfully"}
{"asctime": "2025-06-24 17:04:20,025", "name": "__main__", "levelname": "INFO", "funcName": "initialize", "message": "Database initialized successfully"}
{"asctime": "2025-06-24 17:04:20,025", "name": "__main__", "levelname": "INFO", "funcName": "initialize", "message": "Telegram bot initialized successfully"}
{"asctime": "2025-06-24 17:04:20,028", "name": "__main__", "levelname": "INFO", "funcName": "initialize", "message": "Application initialized successfully"}
{"asctime": "2025-06-24 17:04:20,028", "name": "__main__", "levelname": "INFO", "funcName": "start", "message": "Starting Telegram Bot application in polling mode..."}
{"asctime": "2025-06-24 17:04:20,028", "name": "__main__", "levelname": "INFO", "funcName": "start_polling", "message": "Starting Telegram bot polling..."}
{"asctime": "2025-06-24 17:04:20,028", "name": "__main__", "levelname": "INFO", "funcName": "start", "message": "Starting Flask API server on 0.0.0.0:5000"}
{"asctime": "2025-06-24 17:04:20,052", "name": "werkzeug", "levelname": "INFO", "funcName": "_log", "message": "\u001b[31m\u001b[1mWARNING: This is a development server. Do not use it in a production deployment. Use a production WSGI server instead.\u001b[0m\n * Running on all addresses (0.0.0.0)\n * Running on http://127.0.0.1:5000\n * Running on http://100.110.255.116:5000"}
{"asctime": "2025-06-24 17:04:20,052", "name": "werkzeug", "levelname": "INFO", "funcName": "_log", "message": "\u001b[33mPress CTRL+C to quit\u001b[0m"}
{"asctime": "2025-06-24 17:04:20,089", "name": "werkzeug", "levelname": "INFO", "funcName": "_log", "message": " * Restarting with watchdog (inotify)"}
{"asctime": "2025-06-24 17:04:20,504", "name": "TeleBot", "levelname": "ERROR", "funcName": "infinity_polling", "message": "Infinity polling exception: A request to the Telegram API was unsuccessful. Error code: 404. Description: Not Found"}
{"asctime": "2025-06-24 17:04:20,515", "name": "TeleBot", "levelname": "ERROR", "funcName": "infinity_polling", "message": "Exception traceback:\nTraceback (most recent call last):\n  File \"/home/ubuntu/.local/lib/python3.11/site-packages/telebot/__init__.py\", line 955, in infinity_polling\n    self.polling(non_stop=True, timeout=timeout, long_polling_timeout=long_polling_timeout,\n  File \"/home/ubuntu/.local/lib/python3.11/site-packages/telebot/__init__.py\", line 1040, in polling\n    logger.info('Starting your bot with username: [@%s]', self.user.username)\n                                                          ^^^^^^^^^\n  File \"/home/ubuntu/.local/lib/python3.11/site-packages/telebot/__init__.py\", line 273, in user\n    self._user = self.get_me()\n                 ^^^^^^^^^^^^^\n  File \"/home/ubuntu/.local/lib/python3.11/site-packages/telebot/__init__.py\", line 1236, in get_me\n    result = apihelper.get_me(self.token)\n             ^^^^^^^^^^^^^^^^^^^^^^^^^^^^\n  File \"/home/ubuntu/.local/lib/python3.11/site-packages/telebot/apihelper.py\", line 196, in get_me\n    return _make_request(token, method_url)\n           ^^^^^^^^^^^^^^^^^^^^^^^^^^^^^^^^\n  File \"/home/ubuntu/.local/lib/python3.11/site-packages/telebot/apihelper.py\", line 162, in _make_request\n    json_result = _check_result(method_name, result)\n                  ^^^^^^^^^^^^^^^^^^^^^^^^^^^^^^^^^^\n  File \"/home/ubuntu/.local/lib/python3.11/site-packages/telebot/apihelper.py\", line 189, in _check_result\n    raise ApiTelegramException(method_name, result, result_json)\ntelebot.apihelper.ApiTelegramException: A request to the Telegram API was unsuccessful. Error code: 404. Description: Not Found\n"}
{"asctime": "2025-06-24 17:04:21,012", "name": "app.utils.logging_config", "levelname": "INFO", "funcName": "setup_logging", "message": "Logging configured with level: INFO"}
{"asctime": "2025-06-24 17:04:21,012", "name": "__main__", "levelname": "INFO", "funcName": "initialize", "message": "Initializing Telegram Bot application in polling mode..."}
{"asctime": "2025-06-24 17:04:21,111", "name": "app.database.connection", "levelname": "INFO", "funcName": "init_database", "message": "Database tables created successfully"}
{"asctime": "2025-06-24 17:04:21,111", "name": "__main__", "levelname": "INFO", "funcName": "initialize", "message": "Database initialized successfully"}
{"asctime": "2025-06-24 17:04:21,112", "name": "__main__", "levelname": "INFO", "funcName": "initialize", "message": "Telegram bot initialized successfully"}
{"asctime": "2025-06-24 17:04:21,114", "name": "__main__", "levelname": "INFO", "funcName": "initialize", "message": "Application initialized successfully"}
{"asctime": "2025-06-24 17:04:21,114", "name": "__main__", "levelname": "INFO", "funcName": "start", "message": "Starting Telegram Bot application in polling mode..."}
{"asctime": "2025-06-24 17:04:21,115", "name": "__main__", "levelname": "INFO", "funcName": "start_polling", "message": "Starting Telegram bot polling..."}
{"asctime": "2025-06-24 17:04:21,115", "name": "__main__", "levelname": "INFO", "funcName": "start", "message": "Starting Flask API server on 0.0.0.0:5000"}
{"asctime": "2025-06-24 17:04:21,124", "name": "werkzeug", "levelname": "WARNING", "funcName": "_log", "message": " * Debugger is active!"}
{"asctime": "2025-06-24 17:04:21,124", "name": "werkzeug", "levelname": "INFO", "funcName": "_log", "message": " * Debugger PIN: 280-068-925"}
{"asctime": "2025-06-24 17:04:21,593", "name": "TeleBot", "levelname": "ERROR", "funcName": "infinity_polling", "message": "Infinity polling exception: A request to the Telegram API was unsuccessful. Error code: 404. Description: Not Found"}
{"asctime": "2025-06-24 17:04:21,597", "name": "TeleBot", "levelname": "ERROR", "funcName": "infinity_polling", "message": "Exception traceback:\nTraceback (most recent call last):\n  File \"/home/ubuntu/.local/lib/python3.11/site-packages/telebot/__init__.py\", line 955, in infinity_polling\n    self.polling(non_stop=True, timeout=timeout, long_polling_timeout=long_polling_timeout,\n  File \"/home/ubuntu/.local/lib/python3.11/site-packages/telebot/__init__.py\", line 1040, in polling\n    logger.info('Starting your bot with username: [@%s]', self.user.username)\n                                                          ^^^^^^^^^\n  File \"/home/ubuntu/.local/lib/python3.11/site-packages/telebot/__init__.py\", line 273, in user\n    self._user = self.get_me()\n                 ^^^^^^^^^^^^^\n  File \"/home/ubuntu/.local/lib/python3.11/site-packages/telebot/__init__.py\", line 1236, in get_me\n    result = apihelper.get_me(self.token)\n             ^^^^^^^^^^^^^^^^^^^^^^^^^^^^\n  File \"/home/ubuntu/.local/lib/python3.11/site-packages/telebot/apihelper.py\", line 196, in get_me\n    return _make_request(token, method_url)\n           ^^^^^^^^^^^^^^^^^^^^^^^^^^^^^^^^\n  File \"/home/ubuntu/.local/lib/python3.11/site-packages/telebot/apihelper.py\", line 162, in _make_request\n    json_result = _check_result(method_name, result)\n                  ^^^^^^^^^^^^^^^^^^^^^^^^^^^^^^^^^^\n  File \"/home/ubuntu/.local/lib/python3.11/site-packages/telebot/apihelper.py\", line 189, in _check_result\n    raise ApiTelegramException(method_name, result, result_json)\ntelebot.apihelper.ApiTelegramException: A request to the Telegram API was unsuccessful. Error code: 404. Description: Not Found\n"}
{"asctime": "2025-06-24 17:04:23,673", "name": "TeleBot", "levelname": "ERROR", "funcName": "infinity_polling", "message": "Infinity polling exception: A request to the Telegram API was unsuccessful. Error code: 404. Description: Not Found"}
{"asctime": "2025-06-24 17:04:23,674", "name": "TeleBot", "levelname": "ERROR", "funcName": "infinity_polling", "message": "Exception traceback:\nTraceback (most recent call last):\n  File \"/home/ubuntu/.local/lib/python3.11/site-packages/telebot/__init__.py\", line 955, in infinity_polling\n    self.polling(non_stop=True, timeout=timeout, long_polling_timeout=long_polling_timeout,\n  File \"/home/ubuntu/.local/lib/python3.11/site-packages/telebot/__init__.py\", line 1040, in polling\n    logger.info('Starting your bot with username: [@%s]', self.user.username)\n                                                          ^^^^^^^^^\n  File \"/home/ubuntu/.local/lib/python3.11/site-packages/telebot/__init__.py\", line 273, in user\n    self._user = self.get_me()\n                 ^^^^^^^^^^^^^\n  File \"/home/ubuntu/.local/lib/python3.11/site-packages/telebot/__init__.py\", line 1236, in get_me\n    result = apihelper.get_me(self.token)\n             ^^^^^^^^^^^^^^^^^^^^^^^^^^^^\n  File \"/home/ubuntu/.local/lib/python3.11/site-packages/telebot/apihelper.py\", line 196, in get_me\n    return _make_request(token, method_url)\n           ^^^^^^^^^^^^^^^^^^^^^^^^^^^^^^^^\n  File \"/home/ubuntu/.local/lib/python3.11/site-packages/telebot/apihelper.py\", line 162, in _make_request\n    json_result = _check_result(method_name, result)\n                  ^^^^^^^^^^^^^^^^^^^^^^^^^^^^^^^^^^\n  File \"/home/ubuntu/.local/lib/python3.11/site-packages/telebot/apihelper.py\", line 189, in _check_result\n    raise ApiTelegramException(method_name, result, result_json)\ntelebot.apihelper.ApiTelegramException: A request to the Telegram API was unsuccessful. Error code: 404. Description: Not Found\n"}
{"asctime": "2025-06-24 17:04:34,959", "name": "app.utils.logging_config", "levelname": "INFO", "funcName": "setup_logging", "message": "Logging configured with level: INFO"}
{"asctime": "2025-06-24 17:04:35,445", "name": "webhook_utils", "levelname": "ERROR", "funcName": "set_webhook", "message": "Failed to set webhook: 404 Client Error: Not Found for url: https://api.telegram.org/botyour_telegram_bot_token_here/setWebhook"}
{"asctime": "2025-06-24 17:04:52,287", "name": "app.utils.logging_config", "levelname": "INFO", "funcName": "setup_logging", "message": "Logging configured with level: INFO"}
{"asctime": "2025-06-24 17:04:52,287", "name": "__main__", "levelname": "INFO", "funcName": "initialize", "message": "Initializing Telegram Bot application in polling mode..."}
{"asctime": "2025-06-24 17:04:52,384", "name": "app.database.connection", "levelname": "INFO", "funcName": "init_database", "message": "Database tables created successfully"}
{"asctime": "2025-06-24 17:04:52,384", "name": "__main__", "levelname": "INFO", "funcName": "initialize", "message": "Database initialized successfully"}
{"asctime": "2025-06-24 17:04:52,385", "name": "__main__", "levelname": "INFO", "funcName": "initialize", "message": "Telegram bot initialized successfully"}
{"asctime": "2025-06-24 17:04:52,385", "name": "__main__", "levelname": "WARNING", "funcName": "initialize", "message": "Using placeholder bot token - replace with real token for production"}
{"asctime": "2025-06-24 17:04:52,387", "name": "__main__", "levelname": "INFO", "funcName": "initialize", "message": "Application initialized successfully"}
{"asctime": "2025-06-24 17:04:52,387", "name": "__main__", "levelname": "INFO", "funcName": "start", "message": "Starting Telegram Bot application in polling mode..."}
{"asctime": "2025-06-24 17:04:52,388", "name": "__main__", "levelname": "INFO", "funcName": "start_polling", "message": "Starting Telegram bot polling..."}
{"asctime": "2025-06-24 17:04:52,388", "name": "__main__", "levelname": "INFO", "funcName": "start", "message": "Starting Flask API server on 0.0.0.0:5000"}
{"asctime": "2025-06-24 17:04:52,401", "name": "werkzeug", "levelname": "INFO", "funcName": "_log", "message": "\u001b[31m\u001b[1mWARNING: This is a development server. Do not use it in a production deployment. Use a production WSGI server instead.\u001b[0m\n * Running on all addresses (0.0.0.0)\n * Running on http://127.0.0.1:5000\n * Running on http://100.110.255.116:5000"}
{"asctime": "2025-06-24 17:04:52,401", "name": "werkzeug", "levelname": "INFO", "funcName": "_log", "message": "\u001b[33mPress CTRL+C to quit\u001b[0m"}
{"asctime": "2025-06-24 17:04:52,426", "name": "werkzeug", "levelname": "INFO", "funcName": "_log", "message": " * Restarting with watchdog (inotify)"}
{"asctime": "2025-06-24 17:04:52,863", "name": "TeleBot", "levelname": "ERROR", "funcName": "infinity_polling", "message": "Infinity polling exception: A request to the Telegram API was unsuccessful. Error code: 404. Description: Not Found"}
{"asctime": "2025-06-24 17:04:52,867", "name": "TeleBot", "levelname": "ERROR", "funcName": "infinity_polling", "message": "Exception traceback:\nTraceback (most recent call last):\n  File \"/home/ubuntu/.local/lib/python3.11/site-packages/telebot/__init__.py\", line 955, in infinity_polling\n    self.polling(non_stop=True, timeout=timeout, long_polling_timeout=long_polling_timeout,\n  File \"/home/ubuntu/.local/lib/python3.11/site-packages/telebot/__init__.py\", line 1040, in polling\n    logger.info('Starting your bot with username: [@%s]', self.user.username)\n                                                          ^^^^^^^^^\n  File \"/home/ubuntu/.local/lib/python3.11/site-packages/telebot/__init__.py\", line 273, in user\n    self._user = self.get_me()\n                 ^^^^^^^^^^^^^\n  File \"/home/ubuntu/.local/lib/python3.11/site-packages/telebot/__init__.py\", line 1236, in get_me\n    result = apihelper.get_me(self.token)\n             ^^^^^^^^^^^^^^^^^^^^^^^^^^^^\n  File \"/home/ubuntu/.local/lib/python3.11/site-packages/telebot/apihelper.py\", line 196, in get_me\n    return _make_request(token, method_url)\n           ^^^^^^^^^^^^^^^^^^^^^^^^^^^^^^^^\n  File \"/home/ubuntu/.local/lib/python3.11/site-packages/telebot/apihelper.py\", line 162, in _make_request\n    json_result = _check_result(method_name, result)\n                  ^^^^^^^^^^^^^^^^^^^^^^^^^^^^^^^^^^\n  File \"/home/ubuntu/.local/lib/python3.11/site-packages/telebot/apihelper.py\", line 189, in _check_result\n    raise ApiTelegramException(method_name, result, result_json)\ntelebot.apihelper.ApiTelegramException: A request to the Telegram API was unsuccessful. Error code: 404. Description: Not Found\n"}
{"asctime": "2025-06-24 17:04:53,344", "name": "app.utils.logging_config", "levelname": "INFO", "funcName": "setup_logging", "message": "Logging configured with level: INFO"}
{"asctime": "2025-06-24 17:04:53,344", "name": "__main__", "levelname": "INFO", "funcName": "initialize", "message": "Initializing Telegram Bot application in polling mode..."}
{"asctime": "2025-06-24 17:04:53,436", "name": "app.database.connection", "levelname": "INFO", "funcName": "init_database", "message": "Database tables created successfully"}
{"asctime": "2025-06-24 17:04:53,436", "name": "__main__", "levelname": "INFO", "funcName": "initialize", "message": "Database initialized successfully"}
{"asctime": "2025-06-24 17:04:53,437", "name": "__main__", "levelname": "INFO", "funcName": "initialize", "message": "Telegram bot initialized successfully"}
{"asctime": "2025-06-24 17:04:53,437", "name": "__main__", "levelname": "WARNING", "funcName": "initialize", "message": "Using placeholder bot token - replace with real token for production"}
{"asctime": "2025-06-24 17:04:53,439", "name": "__main__", "levelname": "INFO", "funcName": "initialize", "message": "Application initialized successfully"}
{"asctime": "2025-06-24 17:04:53,439", "name": "__main__", "levelname": "INFO", "funcName": "start", "message": "Starting Telegram Bot application in polling mode..."}
{"asctime": "2025-06-24 17:04:53,440", "name": "__main__", "levelname": "INFO", "funcName": "start_polling", "message": "Starting Telegram bot polling..."}
{"asctime": "2025-06-24 17:04:53,440", "name": "__main__", "levelname": "INFO", "funcName": "start", "message": "Starting Flask API server on 0.0.0.0:5000"}
{"asctime": "2025-06-24 17:04:53,449", "name": "werkzeug", "levelname": "WARNING", "funcName": "_log", "message": " * Debugger is active!"}
{"asctime": "2025-06-24 17:04:53,449", "name": "werkzeug", "levelname": "INFO", "funcName": "_log", "message": " * Debugger PIN: 280-068-925"}
{"asctime": "2025-06-24 17:04:53,917", "name": "TeleBot", "levelname": "ERROR", "funcName": "infinity_polling", "message": "Infinity polling exception: A request to the Telegram API was unsuccessful. Error code: 404. Description: Not Found"}
{"asctime": "2025-06-24 17:04:53,921", "name": "TeleBot", "levelname": "ERROR", "funcName": "infinity_polling", "message": "Exception traceback:\nTraceback (most recent call last):\n  File \"/home/ubuntu/.local/lib/python3.11/site-packages/telebot/__init__.py\", line 955, in infinity_polling\n    self.polling(non_stop=True, timeout=timeout, long_polling_timeout=long_polling_timeout,\n  File \"/home/ubuntu/.local/lib/python3.11/site-packages/telebot/__init__.py\", line 1040, in polling\n    logger.info('Starting your bot with username: [@%s]', self.user.username)\n                                                          ^^^^^^^^^\n  File \"/home/ubuntu/.local/lib/python3.11/site-packages/telebot/__init__.py\", line 273, in user\n    self._user = self.get_me()\n                 ^^^^^^^^^^^^^\n  File \"/home/ubuntu/.local/lib/python3.11/site-packages/telebot/__init__.py\", line 1236, in get_me\n    result = apihelper.get_me(self.token)\n             ^^^^^^^^^^^^^^^^^^^^^^^^^^^^\n  File \"/home/ubuntu/.local/lib/python3.11/site-packages/telebot/apihelper.py\", line 196, in get_me\n    return _make_request(token, method_url)\n           ^^^^^^^^^^^^^^^^^^^^^^^^^^^^^^^^\n  File \"/home/ubuntu/.local/lib/python3.11/site-packages/telebot/apihelper.py\", line 162, in _make_request\n    json_result = _check_result(method_name, result)\n                  ^^^^^^^^^^^^^^^^^^^^^^^^^^^^^^^^^^\n  File \"/home/ubuntu/.local/lib/python3.11/site-packages/telebot/apihelper.py\", line 189, in _check_result\n    raise ApiTelegramException(method_name, result, result_json)\ntelebot.apihelper.ApiTelegramException: A request to the Telegram API was unsuccessful. Error code: 404. Description: Not Found\n"}
